  precompile.cpp
  bg.cpp
  block.cpp
  bullet.cpp
  bullet_bomb.cpp
  camera.cpp
  chaos_attack.cpp
  data.cpp
  debugproc.cpp
  effect.cpp
  effect_2d.cpp
  effect_game.cpp
  effect_object.cpp
  enemy.cpp
  enemy_boss.cpp
  enemy_normal.cpp
  event_object.cpp
  explosion.cpp
  fade.cpp
  file_data_emy_nor.cpp
  file_data_evt_obj.cpp
  コードを生成中...
  コンパイル中...
  file_data_garbage.cpp
  file_data_garbage_collect.cpp
  file_data_item.cpp
  file_data_obj_none.cpp
  file_emy_nor.cpp
  file_evt_obj.cpp
  file_garbage.cpp
  file_garbage_collect.cpp
  file_item.cpp
  file_obj_none.cpp
  game.cpp
  garbage.cpp
  garbage_collect.cpp
  gate.cpp
  hit.cpp
  Input.cpp
  item.cpp
  life.cpp
  light.cpp
  main.cpp
  コードを生成中...
  コンパイル中...
  manager.cpp
  manager_model.cpp
  manager_object.cpp
  manager_texture.cpp
  mgr_sys_obj.cpp
  motion.cpp
  number.cpp
  object.cpp
  object2d.cpp
  object3d.cpp
  objectx_none.cpp
  object_anima.cpp
  object_billboard.cpp
  object_col.cpp
  object_model.cpp
  object_x.cpp
  obj_2d_gage.cpp
  obj_2d_item_info.cpp
  obj_2d_none.cpp
  obj_3d_field.cpp
  コードを生成中...
  コンパイル中...
  obj_3d_wall.cpp
  particle.cpp
  pause.cpp
  player.cpp
  player_battle.cpp
  player_search.cpp
  player_shop.cpp
  qte.cpp
  qte_timing.cpp
  renderer.cpp
  result.cpp
  score.cpp
  skybox.cpp
  sound.cpp
  state_battle.cpp
  state_game.cpp
  state_mode.cpp
  sys_game_phase.cpp
  sys_phase_battle.cpp
  sys_phase_search.cpp
  コードを生成中...
  コンパイル中...
  sys_phase_shop.cpp
  timer.cpp
  time_stop.cpp
  title.cpp
  ui_mission.cpp
  ui_opr_desc.cpp
  ui_text_desc.cpp
  ui_start_text.cpp
  xinput.cpp
  コードを生成中...
  C++_ZeniSensi.vcxproj -> C:\Users\student\Desktop\本体\C++_ZeniSensi\Debug\C++_ZeniSensi.exe
