  anim3D.cpp
  animation2D.cpp
  animEffect3D.cpp
  arrow.cpp
  beam.cpp
  billboard.cpp
  block.cpp
  box.cpp
  bullet.cpp
  camera.cpp
  character.cpp
  characterDiv.cpp
  collision.cpp
  containerManager.cpp
  debris.cpp
  debrisSpawner.cpp
  debugproc.cpp
  door.cpp
  edit.cpp
  effect2D.cpp
  コードを生成中...
  コンパイル中...
  effect3D.cpp
  enemy.cpp
  enemyEvent.cpp
  enemyManager.cpp
  enemyNormal.cpp
  enemyThief.cpp
  fade.cpp
  fan2D.cpp
  fan3D.cpp
  game.cpp
  gameover.cpp
  ghost.cpp
  gimmickManager.cpp
  goal.cpp
  goalTimer.cpp
  inpact.cpp
  input.cpp
  inputjoypad.cpp
  inputkeyboard.cpp
  inputManager.cpp
  コードを生成中...
  コンパイル中...
  inputmouse.cpp
  gimmick.cpp
  container.cpp
  itemRepair.cpp
  itemWeapon.cpp
  life.cpp
  light.cpp
  main.cpp
  manager.cpp
  meshcylinder.cpp
  missile.cpp
  model.cpp
  motion.cpp
  motionDiv.cpp
  number.cpp
  number3D.cpp
  object.cpp
  object2D.cpp
  object3D.cpp
  objectmanager.cpp
  コードを生成中...
  コンパイル中...
  objectX.cpp
  orbit.cpp
  particle.cpp
  parts.cpp
  pause.cpp
  player.cpp
  playerManager.cpp
  rank.cpp
C:\Users\student\Desktop\チーム阿部\02_team\00_team\code\rank.cpp(234,45): warning C4244: '=': 'float' から 'int' への変換です。データが失われる可能性があります。
  ranking.cpp
C:\Users\student\Desktop\チーム阿部\02_team\00_team\code\ranking.cpp(484,37): warning C4244: '=': 'float' から 'int' への変換です。データが失われる可能性があります。
  rank_acting.cpp
  record.cpp
C:\Users\student\Desktop\チーム阿部\02_team\00_team\code\record.cpp(34,16): warning C4244: '=': 'float' から 'int' への変換です。データが失われる可能性があります。
  renderer.cpp
  repairStatus.cpp
  result.cpp
  rocket.cpp
  scene.cpp
  select.cpp
  skybox.cpp
  sound.cpp
  lift.cpp
  コードを生成中...
  コンパイル中...
  telop.cpp
  texture.cpp
  title.cpp
  tutorial.cpp
  UI.cpp
  UIMagazine.cpp
  UIManager.cpp
  universal.cpp
  weapon.cpp
  weaponLauncher.cpp
  weaponMachinegun.cpp
  weaponMagnum.cpp
  weaponManager.cpp
  weaponMinigun.cpp
  weaponRailgun.cpp
  weaponShotgun.cpp
  コードを生成中...
  00_team.vcxproj -> C:\Users\student\Desktop\チーム阿部\02_team\00_team\00_team.exe
