c:\users\student\desktop\battlestreet\battlestreet\debug\vc142.pdb
c:\users\student\desktop\battlestreet\battlestreet\debug\vc142.idb
c:\users\student\desktop\battlestreet\battlestreet\debug\manager_model.obj
c:\users\student\desktop\battlestreet\battlestreet\debug\manager.obj
c:\users\student\desktop\battlestreet\battlestreet\debug\life.obj
c:\users\student\desktop\battlestreet\battlestreet\debug\kick.obj
c:\users\student\desktop\battlestreet\battlestreet\debug\game.obj
c:\users\student\desktop\battlestreet\battlestreet\debug\finish_punch.obj
c:\users\student\desktop\battlestreet\battlestreet\debug\finish_kick.obj
c:\users\student\desktop\battlestreet\battlestreet\debug\fade.obj
c:\users\student\desktop\battlestreet\battlestreet\debug\enemy_minion.obj
c:\users\student\desktop\battlestreet\battlestreet\debug\enemy_boss.obj
c:\users\student\desktop\battlestreet\battlestreet\debug\enemy.obj
c:\users\student\desktop\battlestreet\battlestreet\debug\effect.obj
c:\users\student\desktop\battlestreet\battlestreet\debug\coll.obj
c:\users\student\desktop\battlestreet\battlestreet\debug\charge.obj
c:\users\student\desktop\battlestreet\battlestreet\debug\character.obj
c:\users\student\desktop\battlestreet\battlestreet\debug\camera.obj
c:\users\student\desktop\battlestreet\battlestreet\debug\box_wall.obj
c:\users\student\desktop\battlestreet\battlestreet\debug\box_field.obj
c:\users\student\desktop\battlestreet\battlestreet\debug\bg.obj
c:\users\student\desktop\battlestreet\battlestreet\debug\attack.obj
c:\users\student\desktop\battlestreet\battlestreet\debug\renderer.obj
c:\users\student\desktop\battlestreet\battlestreet\debug\punch.obj
c:\users\student\desktop\battlestreet\battlestreet\debug\player.obj
c:\users\student\desktop\battlestreet\battlestreet\debug\phase_manager.obj
c:\users\student\desktop\battlestreet\battlestreet\debug\pause.obj
c:\users\student\desktop\battlestreet\battlestreet\debug\particle.obj
c:\users\student\desktop\battlestreet\battlestreet\debug\objectx_none.obj
c:\users\student\desktop\battlestreet\battlestreet\debug\object_x.obj
c:\users\student\desktop\battlestreet\battlestreet\debug\object_billboard.obj
c:\users\student\desktop\battlestreet\battlestreet\debug\object3d.obj
c:\users\student\desktop\battlestreet\battlestreet\debug\object2d.obj
c:\users\student\desktop\battlestreet\battlestreet\debug\object.obj
c:\users\student\desktop\battlestreet\battlestreet\debug\obj_3d_wall.obj
c:\users\student\desktop\battlestreet\battlestreet\debug\obj_3d_field.obj
c:\users\student\desktop\battlestreet\battlestreet\debug\obj_2d_none.obj
c:\users\student\desktop\battlestreet\battlestreet\debug\obj_2d_gage.obj
c:\users\student\desktop\battlestreet\battlestreet\debug\number.obj
c:\users\student\desktop\battlestreet\battlestreet\debug\mgr_coll.obj
c:\users\student\desktop\battlestreet\battlestreet\debug\map_object_x.obj
c:\users\student\desktop\battlestreet\battlestreet\debug\manager_texture.obj
c:\users\student\desktop\battlestreet\battlestreet\debug\title.obj
c:\users\student\desktop\battlestreet\battlestreet\debug\timer.obj
c:\users\student\desktop\battlestreet\battlestreet\debug\template.obj
c:\users\student\desktop\battlestreet\battlestreet\debug\spwan_wall.obj
c:\users\student\desktop\battlestreet\battlestreet\debug\skybox.obj
c:\users\student\desktop\battlestreet\battlestreet\debug\result.obj
c:\users\student\desktop\battlestreet\battlestreet\debug\battlestreet.pch
c:\users\student\desktop\battlestreet\battlestreet\debug\precompile.obj
c:\users\student\desktop\battlestreet\battlestreet\debug\input.obj
c:\users\student\desktop\battlestreet\battlestreet\debug\debugproc.obj
c:\users\student\desktop\battlestreet\battlestreet\debug\command.obj
c:\users\student\desktop\battlestreet\battlestreet\debug\motion.obj
c:\users\student\desktop\battlestreet\battlestreet\debug\model.obj
c:\users\student\desktop\battlestreet\battlestreet\debug\map_manager.obj
c:\users\student\desktop\battlestreet\battlestreet\debug\main.obj
c:\users\student\desktop\battlestreet\battlestreet\debug\light.obj
c:\users\student\desktop\battlestreet\battlestreet\debug\xinput.obj
c:\users\student\desktop\battlestreet\battlestreet\debug\sound.obj
c:\users\student\desktop\battlestreet\battlestreet\debug\helper_sakai.obj
c:\users\student\desktop\battlestreet\battlestreet\debug\billboard.obj
c:\users\student\desktop\battlestreet\battlestreet\debug\billboard_gage.obj
c:\users\student\desktop\battlestreet\battlestreet\debug\battlestreet.ilk
c:\users\student\desktop\battlestreet\battlestreet\battlestreet.exe
c:\users\student\desktop\battlestreet\battlestreet\battlestreet.pdb
c:\users\student\desktop\battlestreet\battlestreet\debug\enemy.obj.enc
c:\users\student\desktop\battlestreet\battlestreet\debug\enemy_boss.obj.enc
c:\users\student\desktop\battlestreet\battlestreet\debug\enemy_minion.obj.enc
c:\users\student\desktop\battlestreet\battlestreet\debug\title.obj.enc
c:\users\student\desktop\battlestreet\battlestreet\debug\battlestreet.pchast
c:\users\student\desktop\battlestreet\battlestreet\debug\attack.nativecodeanalysis.xml
c:\users\student\desktop\battlestreet\battlestreet\debug\bg.nativecodeanalysis.xml
c:\users\student\desktop\battlestreet\battlestreet\debug\box_field.nativecodeanalysis.xml
c:\users\student\desktop\battlestreet\battlestreet\debug\box_wall.nativecodeanalysis.xml
c:\users\student\desktop\battlestreet\battlestreet\debug\camera.nativecodeanalysis.xml
c:\users\student\desktop\battlestreet\battlestreet\debug\character.nativecodeanalysis.xml
c:\users\student\desktop\battlestreet\battlestreet\debug\charge.nativecodeanalysis.xml
c:\users\student\desktop\battlestreet\battlestreet\debug\coll.nativecodeanalysis.xml
c:\users\student\desktop\battlestreet\battlestreet\debug\command.nativecodeanalysis.xml
c:\users\student\desktop\battlestreet\battlestreet\debug\debugproc.nativecodeanalysis.xml
c:\users\student\desktop\battlestreet\battlestreet\debug\effect.nativecodeanalysis.xml
c:\users\student\desktop\battlestreet\battlestreet\debug\enemy.nativecodeanalysis.xml
c:\users\student\desktop\battlestreet\battlestreet\debug\enemy_boss.nativecodeanalysis.xml
c:\users\student\desktop\battlestreet\battlestreet\debug\enemy_minion.nativecodeanalysis.xml
c:\users\student\desktop\battlestreet\battlestreet\debug\fade.nativecodeanalysis.xml
c:\users\student\desktop\battlestreet\battlestreet\debug\finish_kick.nativecodeanalysis.xml
c:\users\student\desktop\battlestreet\battlestreet\debug\finish_punch.nativecodeanalysis.xml
c:\users\student\desktop\battlestreet\battlestreet\debug\game.nativecodeanalysis.xml
c:\users\student\desktop\battlestreet\battlestreet\debug\helper_sakai.nativecodeanalysis.xml
c:\users\student\desktop\battlestreet\battlestreet\debug\input.nativecodeanalysis.xml
c:\users\student\desktop\battlestreet\battlestreet\debug\kick.nativecodeanalysis.xml
c:\users\student\desktop\battlestreet\battlestreet\debug\life.nativecodeanalysis.xml
c:\users\student\desktop\battlestreet\battlestreet\debug\light.nativecodeanalysis.xml
c:\users\student\desktop\battlestreet\battlestreet\debug\main.nativecodeanalysis.xml
c:\users\student\desktop\battlestreet\battlestreet\debug\manager.nativecodeanalysis.xml
c:\users\student\desktop\battlestreet\battlestreet\debug\manager_model.nativecodeanalysis.xml
c:\users\student\desktop\battlestreet\battlestreet\debug\manager_texture.nativecodeanalysis.xml
c:\users\student\desktop\battlestreet\battlestreet\debug\map_manager.nativecodeanalysis.xml
c:\users\student\desktop\battlestreet\battlestreet\debug\map_object_x.nativecodeanalysis.xml
c:\users\student\desktop\battlestreet\battlestreet\debug\mgr_coll.nativecodeanalysis.xml
c:\users\student\desktop\battlestreet\battlestreet\debug\model.nativecodeanalysis.xml
c:\users\student\desktop\battlestreet\battlestreet\debug\motion.nativecodeanalysis.xml
c:\users\student\desktop\battlestreet\battlestreet\debug\number.nativecodeanalysis.xml
c:\users\student\desktop\battlestreet\battlestreet\debug\object.nativecodeanalysis.xml
c:\users\student\desktop\battlestreet\battlestreet\debug\object2d.nativecodeanalysis.xml
c:\users\student\desktop\battlestreet\battlestreet\debug\object3d.nativecodeanalysis.xml
c:\users\student\desktop\battlestreet\battlestreet\debug\objectx_none.nativecodeanalysis.xml
c:\users\student\desktop\battlestreet\battlestreet\debug\object_billboard.nativecodeanalysis.xml
c:\users\student\desktop\battlestreet\battlestreet\debug\object_x.nativecodeanalysis.xml
c:\users\student\desktop\battlestreet\battlestreet\debug\obj_2d_gage.nativecodeanalysis.xml
c:\users\student\desktop\battlestreet\battlestreet\debug\obj_2d_none.nativecodeanalysis.xml
c:\users\student\desktop\battlestreet\battlestreet\debug\obj_3d_field.nativecodeanalysis.xml
c:\users\student\desktop\battlestreet\battlestreet\debug\obj_3d_wall.nativecodeanalysis.xml
c:\users\student\desktop\battlestreet\battlestreet\debug\particle.nativecodeanalysis.xml
c:\users\student\desktop\battlestreet\battlestreet\debug\pause.nativecodeanalysis.xml
c:\users\student\desktop\battlestreet\battlestreet\debug\phase_manager.nativecodeanalysis.xml
c:\users\student\desktop\battlestreet\battlestreet\debug\player.nativecodeanalysis.xml
c:\users\student\desktop\battlestreet\battlestreet\debug\precompile.nativecodeanalysis.xml
c:\users\student\desktop\battlestreet\battlestreet\debug\punch.nativecodeanalysis.xml
c:\users\student\desktop\battlestreet\battlestreet\debug\renderer.nativecodeanalysis.xml
c:\users\student\desktop\battlestreet\battlestreet\debug\result.nativecodeanalysis.xml
c:\users\student\desktop\battlestreet\battlestreet\debug\skybox.nativecodeanalysis.xml
c:\users\student\desktop\battlestreet\battlestreet\debug\sound.nativecodeanalysis.xml
c:\users\student\desktop\battlestreet\battlestreet\debug\spwan_wall.nativecodeanalysis.xml
c:\users\student\desktop\battlestreet\battlestreet\debug\template.nativecodeanalysis.xml
c:\users\student\desktop\battlestreet\battlestreet\debug\timer.nativecodeanalysis.xml
c:\users\student\desktop\battlestreet\battlestreet\debug\title.nativecodeanalysis.xml
c:\users\student\desktop\battlestreet\battlestreet\debug\vc.nativecodeanalysis.all.xml
c:\users\student\desktop\battlestreet\battlestreet\debug\xinput.nativecodeanalysis.xml
c:\users\student\desktop\battlestreet\battlestreet\\battlestreet.pdb
c:\users\student\desktop\battlestreet\battlestreet\debug\battlestreet.tlog\cl.command.1.tlog
c:\users\student\desktop\battlestreet\battlestreet\debug\battlestreet.tlog\cl.read.1.tlog
c:\users\student\desktop\battlestreet\battlestreet\debug\battlestreet.tlog\cl.write.1.tlog
c:\users\student\desktop\battlestreet\battlestreet\debug\battlestreet.tlog\link.command.1.tlog
c:\users\student\desktop\battlestreet\battlestreet\debug\battlestreet.tlog\link.read.1.tlog
c:\users\student\desktop\battlestreet\battlestreet\debug\battlestreet.tlog\link.write.1.tlog
