  precompile.cpp
  Input.cpp
  attack.cpp
  bg.cpp
  billboard.cpp
  billboard_gage.cpp
  box_field.cpp
  box_wall.cpp
  camera.cpp
  character.cpp
  coll.cpp
  command.cpp
  debugproc.cpp
  effect.cpp
  enemy.cpp
  enemy_boss.cpp
  enemy_minion.cpp
  fade.cpp
  finish_kick.cpp
  finish_punch.cpp
  game.cpp
  コードを生成中...
  コンパイル中...
  helper_sakai.cpp
  light.cpp
  main.cpp
  manager.cpp
  manager_model.cpp
  manager_texture.cpp
  map_manager.cpp
  map_object_x.cpp
  mgr_coll.cpp
  model.cpp
  motion.cpp
  number.cpp
  obj_2d_gage.cpp
  obj_3d_field.cpp
  obj_3d_wall.cpp
  object.cpp
  object2d.cpp
  object3d.cpp
  object_x.cpp
  objectx_none.cpp
  コードを生成中...
  コンパイル中...
  particle.cpp
  pause.cpp
  phase_manager.cpp
  player.cpp
  renderer.cpp
  result.cpp
  skybox.cpp
  sound.cpp
  spwan_wall.cpp
  template.cpp
  timer.cpp
  title.cpp
  xinput.cpp
  コードを生成中...
  BattleStreet.vcxproj -> C:\Users\student\Desktop\BattleStreet\BattleStreet\BattleStreet.exe
